*** Using Compiler 'V5.06 update 6 (build 750)', folder: 'C:\Keil_v5\ARM\ARMCC\Bin'
Rebuild target 'toothPick'
assembling startup_hc32l110.s...
compiling system_hc32l110.c...
compiling ddl.c...
compiling timeTask.c...
compiling interrupts_hc32l110.c...
compiling halLayer.c...
compiling clk.c...
compiling main.c...
compiling gpio.c...
compiling adc.c...
compiling uart.c...
compiling croutine.c...
compiling list.c...
compiling event_groups.c...
compiling bt.c...
compiling stream_buffer.c...
compiling queue.c...
compiling lpuart.c...
compiling heap_4.c...
compiling timers.c...
compiling port.c...
compiling tasks.c...
linking...
.\Objects\toothPick.axf: Error: L6406E: No space in execution regions with .ANY selector matching heap_4.o(.bss).
.\Objects\toothPick.axf: Error: L6406E: No space in execution regions with .ANY selector matching startup_hc32l110.o(STACK).
.\Objects\toothPick.axf: Error: L6406E: No space in execution regions with .ANY selector matching tasks.o(.bss).
.\Objects\toothPick.axf: Error: L6406E: No space in execution regions with .ANY selector matching queue.o(.bss).
.\Objects\toothPick.axf: Error: L6406E: No space in execution regions with .ANY selector matching tasks.o(.data).
.\Objects\toothPick.axf: Error: L6406E: No space in execution regions with .ANY selector matching timers.o(.bss).
.\Objects\toothPick.axf: Error: L6406E: No space in execution regions with .ANY selector matching heap_4.o(.data).
.\Objects\toothPick.axf: Error: L6406E: No space in execution regions with .ANY selector matching timers.o(.data).
.\Objects\toothPick.axf: Error: L6406E: No space in execution regions with .ANY selector matching port.o(.data).
.\Objects\toothPick.axf: Error: L6406E: No space in execution regions with .ANY selector matching bt.o(.data).
.\Objects\toothPick.axf: Error: L6406E: No space in execution regions with .ANY selector matching lpuart.o(.bss).
.\Objects\toothPick.axf: Error: L6406E: No space in execution regions with .ANY selector matching system_hc32l110.o(.data).
.\Objects\toothPick.axf: Error: L6406E: No space in execution regions with .ANY selector matching main.o(.data).
.\Objects\toothPick.axf: Error: L6406E: No space in execution regions with .ANY selector matching ddl.o(.data).
.\Objects\toothPick.axf: Error: L6407E: Sections of aggregate size 0x52d8 bytes could not fit into .ANY selector(s).
Not enough information to list image symbols.
Not enough information to list load addresses in the image map.
Finished: 2 information, 0 warning and 15 error messages.
".\Objects\toothPick.axf" - 15 Error(s), 0 Warning(s).
Target not created.
Build Time Elapsed:  00:00:03
